[0516/191845.352395:INFO:CONSOLE(167)] "The Content Security Policy '' was delivered via a <meta> element outside the document's <head>, which is disallowed. The policy has been ignored.", source: https://www.nytimes.com/ (167)
[0516/191845.361338:INFO:CONSOLE(130)] "userinfo data unavailable", source: https://www.nytimes.com/ (130)
[0516/191845.616653:INFO:CONSOLE(1)] "Subscriptions Runtime: 0.1.22.217", source: https://news.google.com/swg/js/v1/swg.js (1)
[0516/191846.004019:INFO:CONSOLE(1)] "A preload for 'https://static01.nyt.com/newsgraphics/2020/08/25/live-events-calendar/11d17be2bc01c9606a3420a92658e33baf2dd4f2/build/js/main.js' is found, but is not used because the request credentials mode does not match. Consider taking a look at crossorigin attribute.", source:  (1)
[0516/191846.004109:INFO:CONSOLE(1)] "A preload for 'https://static01.nyt.com/newsgraphics/2020/08/25/live-events-calendar/11d17be2bc01c9606a3420a92658e33baf2dd4f2/build/js/freebird.js' is found, but is not used because the request credentials mode does not match. Consider taking a look at crossorigin attribute.", source:  (1)
[0516/191846.110002:INFO:CONSOLE(1)] "SwG needs this article to define a product ID (e.g. example.com:premium). Articles can define a product ID using JSON+LD. SwG can check entitlements after this article defines a product ID.", source: https://news.google.com/swg/js/v1/swg.js (1)
[0516/191846.110087:INFO:CONSOLE(1)] "SwG needs this article to define a product ID (e.g. example.com:premium). Articles can define a product ID using JSON+LD. SwG can check entitlements after this article defines a product ID.", source: https://news.google.com/swg/js/v1/swg.js (1)
[0516/191846.232865:INFO:CONSOLE(33)] "<!--
         0000000                         000        0000000
       111111111      11111111100          000      111111111
       00000        111111111111111111      00000      000000
       000        1111111111111111111111111100000         000
       000        1111       1111111111111111100          000
       000         11       0     1111111100              000
       000          1      00             1               000
       000               00      00       1               000
       000             000    00000       1               000
    00000            0000  00000000       1                00000
  11111            000 00    000000      000                 11111
    00000          0000      000000     00000              00000
       000        10000      000000      000              0000
       000        00000      000000       1               000
       000        000000     10000        1     0         000
       000        1000000 00              1    00         000
       000         1111111                1 0000          000
       000          1111111100           000000           000
       0000          111111111111111110000000            0000
       111111111        111111111111100000          111111111
         0000000              00000000              0000000

      NYTimes.com: All the code that's fit to printf()
      We're hiring: https://nytimes.wd5.myworkdayjobs.com/Tech
   -->", source: https://www.nytimes.com/vi-assets/static-assets/main-67378eb81239518f4ecd.js (33)
[0516/191846.247537:INFO:CONSOLE(2)] "et2 snippet should only load once per page", source:  (2)
[0516/191846.503177:INFO:CONSOLE(1)] "[interactive] stash: 100000007657142", source: https://www.nytimes.com/vi-assets/static-assets/home-a7ceccf506f225f00390.js (1)
[0516/191846.503436:INFO:CONSOLE(1)] "[interactive] stash: 100000007963948", source: https://www.nytimes.com/vi-assets/static-assets/home-a7ceccf506f225f00390.js (1)
[0516/191846.506409:INFO:CONSOLE(75)] "The Content Security Policy '' was delivered via a <meta> element outside the document's <head>, which is disallowed. The policy has been ignored.", source: https://www.nytimes.com/vi-assets/static-assets/main-67378eb81239518f4ecd.js (75)
[0516/191846.520367:INFO:CONSOLE(1)] "[interactive] remount: 100000007657142", source: https://www.nytimes.com/vi-assets/static-assets/home-a7ceccf506f225f00390.js (1)
[0516/191846.521326:INFO:CONSOLE(1)] "The Content Security Policy '' was delivered via a <meta> element outside the document's <head>, which is disallowed. The policy has been ignored.", source: https://www.nytimes.com/vi-assets/static-assets/home-a7ceccf506f225f00390.js (1)
[0516/191846.522754:INFO:CONSOLE(1)] "[interactive] remount: 100000007963948", source: https://www.nytimes.com/vi-assets/static-assets/home-a7ceccf506f225f00390.js (1)
[0516/191846.651317:INFO:CONSOLE(1)] "localStorage read failed SyntaxError: Unexpected token u in JSON at position 0", source: https://static01.nyt.com/newsgraphics/2021/coronavirus-tracking/_app/chunks/godzown-47666b0c.js (1)
[0516/191846.660958:INFO:CONSOLE(488)] "destroyed component 5", source: https://www.nytimes.com/ (488)
[0516/191854.616545:INFO:CONSOLE(0)] "The resource https://static01.nyt.com/newsgraphics/2020/08/25/live-events-calendar/11d17be2bc01c9606a3420a92658e33baf2dd4f2/build/js/main.js was preloaded using link preload but not used within a few seconds from the window's load event. Please make sure it has an appropriate `as` value and it is preloaded intentionally.", source: https://www.nytimes.com/ (0)
[0516/191854.617920:INFO:CONSOLE(0)] "The resource https://static01.nyt.com/newsgraphics/2020/08/25/live-events-calendar/11d17be2bc01c9606a3420a92658e33baf2dd4f2/build/js/freebird.js was preloaded using link preload but not used within a few seconds from the window's load event. Please make sure it has an appropriate `as` value and it is preloaded intentionally.", source: https://www.nytimes.com/ (0)
[0516/191859.625727:INFO:CONSOLE(0)] "The resource https://static01.nyt.com/newsgraphics/2020/08/25/live-events-calendar/11d17be2bc01c9606a3420a92658e33baf2dd4f2/build/js/main.js was preloaded using link preload but not used within a few seconds from the window's load event. Please make sure it has an appropriate `as` value and it is preloaded intentionally.", source: https://www.nytimes.com/ (0)
[0516/191859.625805:INFO:CONSOLE(0)] "The resource https://static01.nyt.com/newsgraphics/2020/08/25/live-events-calendar/11d17be2bc01c9606a3420a92658e33baf2dd4f2/build/js/freebird.js was preloaded using link preload but not used within a few seconds from the window's load event. Please make sure it has an appropriate `as` value and it is preloaded intentionally.", source: https://www.nytimes.com/ (0)
[0516/191859.959467:INFO:CONSOLE(51)] "Service Worker: content is cached", source: https://www.nytimes.com/vi-assets/static-assets/main-67378eb81239518f4ecd.js (51)
[0516/191905.517146:INFO:CONSOLE(0)] "The resource https://static01.nyt.com/newsgraphics/2020/08/25/live-events-calendar/11d17be2bc01c9606a3420a92658e33baf2dd4f2/build/js/main.js was preloaded using link preload but not used within a few seconds from the window's load event. Please make sure it has an appropriate `as` value and it is preloaded intentionally.", source: https://www.nytimes.com/ (0)
[0516/191905.518339:INFO:CONSOLE(0)] "The resource https://static01.nyt.com/newsgraphics/2020/08/25/live-events-calendar/11d17be2bc01c9606a3420a92658e33baf2dd4f2/build/js/freebird.js was preloaded using link preload but not used within a few seconds from the window's load event. Please make sure it has an appropriate `as` value and it is preloaded intentionally.", source: https://www.nytimes.com/ (0)
[0516/191909.618612:INFO:CONSOLE(0)] "The resource https://static01.nyt.com/newsgraphics/2020/08/25/live-events-calendar/11d17be2bc01c9606a3420a92658e33baf2dd4f2/build/js/main.js was preloaded using link preload but not used within a few seconds from the window's load event. Please make sure it has an appropriate `as` value and it is preloaded intentionally.", source: https://www.nytimes.com/ (0)
[0516/191909.618805:INFO:CONSOLE(0)] "The resource https://static01.nyt.com/newsgraphics/2020/08/25/live-events-calendar/11d17be2bc01c9606a3420a92658e33baf2dd4f2/build/js/freebird.js was preloaded using link preload but not used within a few seconds from the window's load event. Please make sure it has an appropriate `as` value and it is preloaded intentionally.", source: https://www.nytimes.com/ (0)
